0 info it worked if it ends with ok
1 verbose cli [ '/home/panlinna/.nvm/versions/node/v6.2.2/bin/node',
1 verbose cli   '/home/panlinna/.nvm/versions/node/v6.2.2/bin/npm',
1 verbose cli   'run',
1 verbose cli   'build' ]
2 info using npm@3.9.5
3 info using node@v6.2.2
4 verbose run-script [ 'prebuild', 'build', 'postbuild' ]
5 info lifecycle react-transform-boilerplate@1.0.0~prebuild: react-transform-boilerplate@1.0.0
6 silly lifecycle react-transform-boilerplate@1.0.0~prebuild: no script for prebuild, continuing
7 info lifecycle react-transform-boilerplate@1.0.0~build: react-transform-boilerplate@1.0.0
8 verbose lifecycle react-transform-boilerplate@1.0.0~build: unsafe-perm in lifecycle true
9 verbose lifecycle react-transform-boilerplate@1.0.0~build: PATH: /home/panlinna/.nvm/versions/node/v6.2.2/lib/node_modules/npm/bin/node-gyp-bin:/home/panlinna/Welcome/node_modules/.bin:/home/panlinna/.nvm/versions/node/v6.2.2/bin:/home/panlinna/.nvm/versions/node/v6.2.2/bin:/usr/local/bin:/usr/bin:/bin:/usr/local/games:/usr/games
10 verbose lifecycle react-transform-boilerplate@1.0.0~build: CWD: /home/panlinna/Welcome
11 silly lifecycle react-transform-boilerplate@1.0.0~build: Args: [ '-c', 'npm run clean && npm run build:webpack' ]
12 silly lifecycle react-transform-boilerplate@1.0.0~build: Returned: code: 1  signal: null
13 info lifecycle react-transform-boilerplate@1.0.0~build: Failed to exec build script
14 verbose stack Error: react-transform-boilerplate@1.0.0 build: `npm run clean && npm run build:webpack`
14 verbose stack Exit status 1
14 verbose stack     at EventEmitter.<anonymous> (/home/panlinna/.nvm/versions/node/v6.2.2/lib/node_modules/npm/lib/utils/lifecycle.js:245:16)
14 verbose stack     at emitTwo (events.js:106:13)
14 verbose stack     at EventEmitter.emit (events.js:191:7)
14 verbose stack     at ChildProcess.<anonymous> (/home/panlinna/.nvm/versions/node/v6.2.2/lib/node_modules/npm/lib/utils/spawn.js:24:14)
14 verbose stack     at emitTwo (events.js:106:13)
14 verbose stack     at ChildProcess.emit (events.js:191:7)
14 verbose stack     at maybeClose (internal/child_process.js:852:16)
14 verbose stack     at Process.ChildProcess._handle.onexit (internal/child_process.js:215:5)
15 verbose pkgid react-transform-boilerplate@1.0.0
16 verbose cwd /home/panlinna/Welcome
17 error Linux 4.4.0-2-deepin-amd64
18 error argv "/home/panlinna/.nvm/versions/node/v6.2.2/bin/node" "/home/panlinna/.nvm/versions/node/v6.2.2/bin/npm" "run" "build"
19 error node v6.2.2
20 error npm  v3.9.5
21 error code ELIFECYCLE
22 error react-transform-boilerplate@1.0.0 build: `npm run clean && npm run build:webpack`
22 error Exit status 1
23 error Failed at the react-transform-boilerplate@1.0.0 build script 'npm run clean && npm run build:webpack'.
23 error Make sure you have the latest version of node.js and npm installed.
23 error If you do, this is most likely a problem with the react-transform-boilerplate package,
23 error not with npm itself.
23 error Tell the author that this fails on your system:
23 error     npm run clean && npm run build:webpack
23 error You can get information on how to open an issue for this project with:
23 error     npm bugs react-transform-boilerplate
23 error Or if that isn't available, you can get their info via:
23 error     npm owner ls react-transform-boilerplate
23 error There is likely additional logging output above.
24 verbose exit [ 1, true ]
